- УК-1. Способен осуществлять поиск, критический анализ и синтез
  информации, применять системный подход для решения поставленных
  задач.

- ОПК-1. Готов консультировать и использовать фундаментальные знания в
  области математического анализа, комплексного и функционального
  анализа, алгебры, аналитической геометрии, дифференциальной
  геометрии и топологии, дифференциальных уравнений, дискретной
  математики и математической логики, теории вероятностей,
  математической статистики и случайных процессов, численных методов,
  теоретической механики в профессиональной деятельности.

- ОПК-2. Способен проводить под научным руководством исследование на
  основе существующих методов в конкретной области профессиональной
  деятельности.

- ОПК-3. Способен самостоятельно представлять научные результаты,
  составлять научные документы и отчёты.

- ОПК-4. Способен находить, анализировать, реализовывать программно и
  использовать на практике математические алгоритмы, в том числе с
  применением современных вычислительных систем.

- ПК-1. Разработка и отладка программного кода.

- ПК-4. Проведение работ по обработке и анализу научно-технической
  информации и результатов исследований.
  

  
  
  
  
